{"logged_at": 1779511987.28112, "scenario": "test_accuracy", "plan_id": "plan-000001", "object_id": "accuracy-000001", "phase": "goto", "x": 0.0, "y": 0.0, "z": -290.0, "e": 0}
{"logged_at": 1779511987.32112, "scenario": "test_accuracy", "plan_id": "plan-000001", "object_id": "accuracy-000001", "phase": "goto", "x": 0.0, "y": 0.0, "z": -290.0, "e": 0}
{"logged_at": 1779511987.36112, "scenario": "test_accuracy", "plan_id": "plan-000001", "object_id": "accuracy-000001", "phase": "goto", "x": 0.5547, "y": -0.8321, "z": -290.0, "e": 0}
{"logged_at": 1779511987.411119, "scenario": "test_accuracy", "plan_id": "plan-000001", "object_id": "accuracy-000001", "phase": "goto", "x": 1.1094, "y": -1.6641, "z": -290.0, "e": 0}
{"logged_at": 1779511987.461119, "scenario": "test_accuracy", "plan_id": "plan-000001", "object_id": "accuracy-000001", "phase": "goto", "x": 1.6641, "y": -2.4962, "z": -290.0, "e": 0}
{"logged_at": 1779511987.511119, "scenario": "test_accuracy", "plan_id": "plan-000001", "object_id": "accuracy-000001", "phase": "goto", "x": 2.2188, "y": -3.3282, "z": -290.0, "e": 0}
{"logged_at": 1779511987.561119, "scenario": "test_accuracy", "plan_id": "plan-000001", "object_id": "accuracy-000001", "phase": "goto", "x": 2.7735, "y": -4.1603, "z": -290.0, "e": 0}
{"logged_at": 1779511987.611119, "scenario": "test_accuracy", "plan_id": "plan-000001", "object_id": "accuracy-000001", "phase": "goto", "x": 3.3282, "y": -4.9923, "z": -290.0, "e": 0}
{"logged_at": 1779511987.661119, "scenario": "test_accuracy", "plan_id": "plan-000001", "object_id": "accuracy-000001", "phase": "goto", "x": 3.8829, "y": -5.8244, "z": -290.0, "e": 0}
{"logged_at": 1779511987.711119, "scenario": "test_accuracy", "plan_id": "plan-000001", "object_id": "accuracy-000001", "phase": "goto", "x": 4.4376, "y": -6.6564, "z": -290.0, "e": 0}
{"logged_at": 1779511987.761119, "scenario": "test_accuracy", "plan_id": "plan-000001", "object_id": "accuracy-000001", "phase": "goto", "x": 4.9923, "y": -7.4885, "z": -290.0, "e": 0}
{"logged_at": 1779511987.811119, "scenario": "test_accuracy", "plan_id": "plan-000001", "object_id": "accuracy-000001", "phase": "goto", "x": 5.547, "y": -8.3205, "z": -290.0, "e": 0}
{"logged_at": 1779511987.861119, "scenario": "test_accuracy", "plan_id": "plan-000001", "object_id": "accuracy-000001", "phase": "goto", "x": 6.1017, "y": -9.1526, "z": -290.0, "e": 0}
{"logged_at": 1779511987.911119, "scenario": "test_accuracy", "plan_id": "plan-000001", "object_id": "accuracy-000001", "phase": "goto", "x": 6.6564, "y": -9.9846, "z": -290.0, "e": 0}
{"logged_at": 1779511987.961119, "scenario": "test_accuracy", "plan_id": "plan-000001", "object_id": "accuracy-000001", "phase": "goto", "x": 7.2111, "y": -10.8167, "z": -290.0, "e": 0}
{"logged_at": 1779511988.011119, "scenario": "test_accuracy", "plan_id": "plan-000001", "object_id": "accuracy-000001", "phase": "goto", "x": 7.7658, "y": -11.6487, "z": -290.0, "e": 0}
{"logged_at": 1779511988.061119, "scenario": "test_accuracy", "plan_id": "plan-000001", "object_id": "accuracy-000001", "phase": "goto", "x": 8.3205, "y": -12.4808, "z": -290.0, "e": 0}
{"logged_at": 1779511988.111119, "scenario": "test_accuracy", "plan_id": "plan-000001", "object_id": "accuracy-000001", "phase": "goto", "x": 8.8752, "y": -13.3128, "z": -290.0, "e": 0}
{"logged_at": 1779511988.161119, "scenario": "test_accuracy", "plan_id": "plan-000001", "object_id": "accuracy-000001", "phase": "goto", "x": 9.4299, "y": -14.1449, "z": -290.0, "e": 0}
{"logged_at": 1779511988.211119, "scenario": "test_accuracy", "plan_id": "plan-000001", "object_id": "accuracy-000001", "phase": "goto", "x": 9.9846, "y": -14.9769, "z": -290.0, "e": 0}
{"logged_at": 1779511988.261119, "scenario": "test_accuracy", "plan_id": "plan-000001", "object_id": "accuracy-000001", "phase": "goto", "x": 10.5393, "y": -15.809, "z": -290.0, "e": 0}
{"logged_at": 1779511988.311119, "scenario": "test_accuracy", "plan_id": "plan-000001", "object_id": "accuracy-000001", "phase": "goto", "x": 11.094, "y": -16.641, "z": -290.0, "e": 0}
{"logged_at": 1779511988.361119, "scenario": "test_accuracy", "plan_id": "plan-000001", "object_id": "accuracy-000001", "phase": "goto", "x": 11.6487, "y": -17.4731, "z": -290.0, "e": 0}
{"logged_at": 1779511988.411119, "scenario": "test_accuracy", "plan_id": "plan-000001", "object_id": "accuracy-000001", "phase": "goto", "x": 12.2034, "y": -18.3051, "z": -290.0, "e": 0}
{"logged_at": 1779511988.461118, "scenario": "test_accuracy", "plan_id": "plan-000001", "object_id": "accuracy-000001", "phase": "goto", "x": 12.7581, "y": -19.1372, "z": -290.0, "e": 0}
{"logged_at": 1779511988.511118, "scenario": "test_accuracy", "plan_id": "plan-000001", "object_id": "accuracy-000001", "phase": "goto", "x": 13.3128, "y": -19.9692, "z": -290.0, "e": 0}
{"logged_at": 1779511988.561118, "scenario": "test_accuracy", "plan_id": "plan-000001", "object_id": "accuracy-000001", "phase": "goto", "x": 13.8675, "y": -20.8013, "z": -290.0, "e": 0}
{"logged_at": 1779511988.611118, "scenario": "test_accuracy", "plan_id": "plan-000001", "object_id": "accuracy-000001", "phase": "goto", "x": 14.4222, "y": -21.6333, "z": -290.0, "e": 0}
{"logged_at": 1779511988.661118, "scenario": "test_accuracy", "plan_id": "plan-000001", "object_id": "accuracy-000001", "phase": "goto", "x": 14.9769, "y": -22.4654, "z": -290.0, "e": 0}
{"logged_at": 1779511988.711118, "scenario": "test_accuracy", "plan_id": "plan-000001", "object_id": "accuracy-000001", "phase": "goto", "x": 15.5316, "y": -23.2974, "z": -290.0, "e": 0}
{"logged_at": 1779511988.761118, "scenario": "test_accuracy", "plan_id": "plan-000001", "object_id": "accuracy-000001", "phase": "goto", "x": 16.0863, "y": -24.1295, "z": -290.0, "e": 0}
{"logged_at": 1779511988.811118, "scenario": "test_accuracy", "plan_id": "plan-000001", "object_id": "accuracy-000001", "phase": "goto", "x": 16.641, "y": -24.9615, "z": -290.0, "e": 0}
{"logged_at": 1779511988.861118, "scenario": "test_accuracy", "plan_id": "plan-000001", "object_id": "accuracy-000001", "phase": "goto", "x": 17.1957, "y": -25.7936, "z": -290.0, "e": 0}
{"logged_at": 1779511988.911118, "scenario": "test_accuracy", "plan_id": "plan-000001", "object_id": "accuracy-000001", "phase": "goto", "x": 17.7504, "y": -26.6256, "z": -290.0, "e": 0}
{"logged_at": 1779511988.961118, "scenario": "test_accuracy", "plan_id": "plan-000001", "object_id": "accuracy-000001", "phase": "goto", "x": 18.3051, "y": -27.4577, "z": -290.0, "e": 0}
{"logged_at": 1779511989.011118, "scenario": "test_accuracy", "plan_id": "plan-000001", "object_id": "accuracy-000001", "phase": "goto", "x": 18.8598, "y": -28.2897, "z": -290.0, "e": 0}
{"logged_at": 1779511989.061118, "scenario": "test_accuracy", "plan_id": "plan-000001", "object_id": "accuracy-000001", "phase": "goto", "x": 19.4145, "y": -29.1218, "z": -290.0, "e": 0}
{"logged_at": 1779511989.111118, "scenario": "test_accuracy", "plan_id": "plan-000001", "object_id": "accuracy-000001", "phase": "goto", "x": 19.8048, "y": -29.7073, "z": -290.0, "e": 0}
{"logged_at": 1779511989.146302, "scenario": "test_accuracy", "plan_id": "plan-000001", "object_id": "accuracy-000001", "phase": "goto", "x": 20.1952, "y": -30.2927, "z": -290.0, "e": 0}
{"logged_at": 1779511989.181485, "scenario": "test_accuracy", "plan_id": "plan-000001", "object_id": "accuracy-000001", "phase": "goto", "x": 20.5855, "y": -30.8782, "z": -290.0, "e": 0}
{"logged_at": 1779511989.216669, "scenario": "test_accuracy", "plan_id": "plan-000001", "object_id": "accuracy-000001", "phase": "goto", "x": 21.0169, "y": -31.5254, "z": -290.2222, "e": 0}
{"logged_at": 1779511989.266669, "scenario": "test_accuracy", "plan_id": "plan-000001", "object_id": "accuracy-000001", "phase": "goto", "x": 21.4484, "y": -32.1725, "z": -290.4444, "e": 0}
{"logged_at": 1779511989.316669, "scenario": "test_accuracy", "plan_id": "plan-000001", "object_id": "accuracy-000001", "phase": "goto", "x": 21.8798, "y": -32.8197, "z": -290.6667, "e": 0}
{"logged_at": 1779511989.366669, "scenario": "test_accuracy", "plan_id": "plan-000001", "object_id": "accuracy-000001", "phase": "goto", "x": 22.3112, "y": -33.4668, "z": -290.8889, "e": 0}
{"logged_at": 1779511989.416669, "scenario": "test_accuracy", "plan_id": "plan-000001", "object_id": "accuracy-000001", "phase": "goto", "x": 22.7427, "y": -34.114, "z": -291.1111, "e": 0}
{"logged_at": 1779511989.466669, "scenario": "test_accuracy", "plan_id": "plan-000001", "object_id": "accuracy-000001", "phase": "goto", "x": 23.1741, "y": -34.7611, "z": -291.3333, "e": 0}
{"logged_at": 1779511989.516669, "scenario": "test_accuracy", "plan_id": "plan-000001", "object_id": "accuracy-000001", "phase": "goto", "x": 23.6055, "y": -35.4083, "z": -291.5556, "e": 0}
{"logged_at": 1779511989.566669, "scenario": "test_accuracy", "plan_id": "plan-000001", "object_id": "accuracy-000001", "phase": "goto", "x": 24.037, "y": -36.0554, "z": -291.7778, "e": 0}
{"logged_at": 1779511989.616668, "scenario": "test_accuracy", "plan_id": "plan-000001", "object_id": "accuracy-000001", "phase": "goto", "x": 24.4684, "y": -36.7026, "z": -292.0, "e": 0}
{"logged_at": 1779511989.666668, "scenario": "test_accuracy", "plan_id": "plan-000001", "object_id": "accuracy-000001", "phase": "goto", "x": 24.8998, "y": -37.3497, "z": -292.2222, "e": 0}
{"logged_at": 1779511989.716668, "scenario": "test_accuracy", "plan_id": "plan-000001", "object_id": "accuracy-000001", "phase": "goto", "x": 25.3313, "y": -37.9969, "z": -292.4444, "e": 0}
{"logged_at": 1779511989.766668, "scenario": "test_accuracy", "plan_id": "plan-000001", "object_id": "accuracy-000001", "phase": "goto", "x": 25.7627, "y": -38.644, "z": -292.6667, "e": 0}
{"logged_at": 1779511989.816668, "scenario": "test_accuracy", "plan_id": "plan-000001", "object_id": "accuracy-000001", "phase": "goto", "x": 26.1941, "y": -39.2912, "z": -292.8889, "e": 0}
{"logged_at": 1779511989.866668, "scenario": "test_accuracy", "plan_id": "plan-000001", "object_id": "accuracy-000001", "phase": "goto", "x": 26.6256, "y": -39.9383, "z": -293.1111, "e": 0}
{"logged_at": 1779511989.916668, "scenario": "test_accuracy", "plan_id": "plan-000001", "object_id": "accuracy-000001", "phase": "goto", "x": 27.057, "y": -40.5855, "z": -293.3333, "e": 0}
{"logged_at": 1779511989.966668, "scenario": "test_accuracy", "plan_id": "plan-000001", "object_id": "accuracy-000001", "phase": "goto", "x": 27.4884, "y": -41.2326, "z": -293.5556, "e": 0}
{"logged_at": 1779511990.016668, "scenario": "test_accuracy", "plan_id": "plan-000001", "object_id": "accuracy-000001", "phase": "goto", "x": 27.9199, "y": -41.8798, "z": -293.7778, "e": 0}
{"logged_at": 1779511990.066668, "scenario": "test_accuracy", "plan_id": "plan-000001", "object_id": "accuracy-000001", "phase": "goto", "x": 28.3513, "y": -42.5269, "z": -294.0, "e": 0}
{"logged_at": 1779511990.116668, "scenario": "test_accuracy", "plan_id": "plan-000001", "object_id": "accuracy-000001", "phase": "goto", "x": 28.7827, "y": -43.1741, "z": -294.2222, "e": 0}
{"logged_at": 1779511990.166668, "scenario": "test_accuracy", "plan_id": "plan-000001", "object_id": "accuracy-000001", "phase": "goto", "x": 29.2142, "y": -43.8212, "z": -294.4444, "e": 0}
{"logged_at": 1779511990.216668, "scenario": "test_accuracy", "plan_id": "plan-000001", "object_id": "accuracy-000001", "phase": "goto", "x": 29.6456, "y": -44.4684, "z": -294.6667, "e": 0}
{"logged_at": 1779511990.266668, "scenario": "test_accuracy", "plan_id": "plan-000001", "object_id": "accuracy-000001", "phase": "goto", "x": 30.077, "y": -45.1155, "z": -294.8889, "e": 0}
{"logged_at": 1779511990.316668, "scenario": "test_accuracy", "plan_id": "plan-000001", "object_id": "accuracy-000001", "phase": "goto", "x": 30.5085, "y": -45.7627, "z": -295.1111, "e": 0}
{"logged_at": 1779511990.366668, "scenario": "test_accuracy", "plan_id": "plan-000001", "object_id": "accuracy-000001", "phase": "goto", "x": 30.9399, "y": -46.4098, "z": -295.3333, "e": 0}
{"logged_at": 1779511990.416668, "scenario": "test_accuracy", "plan_id": "plan-000001", "object_id": "accuracy-000001", "phase": "goto", "x": 31.3713, "y": -47.057, "z": -295.5556, "e": 0}
{"logged_at": 1779511990.466668, "scenario": "test_accuracy", "plan_id": "plan-000001", "object_id": "accuracy-000001", "phase": "goto", "x": 31.8028, "y": -47.7041, "z": -295.7778, "e": 0}
{"logged_at": 1779511990.516668, "scenario": "test_accuracy", "plan_id": "plan-000001", "object_id": "accuracy-000001", "phase": "goto", "x": 32.2342, "y": -48.3513, "z": -296.0, "e": 0}
{"logged_at": 1779511990.566668, "scenario": "test_accuracy", "plan_id": "plan-000001", "object_id": "accuracy-000001", "phase": "goto", "x": 32.6656, "y": -48.9984, "z": -296.2222, "e": 0}
{"logged_at": 1779511990.616668, "scenario": "test_accuracy", "plan_id": "plan-000001", "object_id": "accuracy-000001", "phase": "goto", "x": 33.0971, "y": -49.6456, "z": -296.4444, "e": 0}
{"logged_at": 1779511990.666667, "scenario": "test_accuracy", "plan_id": "plan-000001", "object_id": "accuracy-000001", "phase": "goto", "x": 33.5285, "y": -50.2927, "z": -296.6667, "e": 0}
{"logged_at": 1779511990.716667, "scenario": "test_accuracy", "plan_id": "plan-000001", "object_id": "accuracy-000001", "phase": "goto", "x": 33.9599, "y": -50.9399, "z": -296.8889, "e": 0}
{"logged_at": 1779511990.766667, "scenario": "test_accuracy", "plan_id": "plan-000001", "object_id": "accuracy-000001", "phase": "goto", "x": 34.3914, "y": -51.587, "z": -297.1111, "e": 0}
{"logged_at": 1779511990.816667, "scenario": "test_accuracy", "plan_id": "plan-000001", "object_id": "accuracy-000001", "phase": "goto", "x": 34.8228, "y": -52.2342, "z": -297.3333, "e": 0}
{"logged_at": 1779511990.866667, "scenario": "test_accuracy", "plan_id": "plan-000001", "object_id": "accuracy-000001", "phase": "goto", "x": 35.2542, "y": -52.8813, "z": -297.5556, "e": 0}
{"logged_at": 1779511990.916667, "scenario": "test_accuracy", "plan_id": "plan-000001", "object_id": "accuracy-000001", "phase": "goto", "x": 35.6857, "y": -53.5285, "z": -297.7778, "e": 0}
{"logged_at": 1779511990.966667, "scenario": "test_accuracy", "plan_id": "plan-000001", "object_id": "accuracy-000001", "phase": "goto", "x": 36.1171, "y": -54.1756, "z": -298.0, "e": 0}
{"logged_at": 1779511991.016667, "scenario": "test_accuracy", "plan_id": "plan-000001", "object_id": "accuracy-000001", "phase": "goto", "x": 36.5485, "y": -54.8228, "z": -298.2222, "e": 0}
{"logged_at": 1779511991.066667, "scenario": "test_accuracy", "plan_id": "plan-000001", "object_id": "accuracy-000001", "phase": "goto", "x": 36.98, "y": -55.4699, "z": -298.4444, "e": 0}
{"logged_at": 1779511991.116667, "scenario": "test_accuracy", "plan_id": "plan-000001", "object_id": "accuracy-000001", "phase": "goto", "x": 37.4114, "y": -56.1171, "z": -298.6667, "e": 0}
{"logged_at": 1779511991.166667, "scenario": "test_accuracy", "plan_id": "plan-000001", "object_id": "accuracy-000001", "phase": "goto", "x": 37.8428, "y": -56.7642, "z": -298.8889, "e": 0}
{"logged_at": 1779511991.216667, "scenario": "test_accuracy", "plan_id": "plan-000001", "object_id": "accuracy-000001", "phase": "goto", "x": 38.2743, "y": -57.4114, "z": -299.1111, "e": 0}
{"logged_at": 1779511991.266667, "scenario": "test_accuracy", "plan_id": "plan-000001", "object_id": "accuracy-000001", "phase": "goto", "x": 38.7057, "y": -58.0585, "z": -299.3333, "e": 0}
{"logged_at": 1779511991.316667, "scenario": "test_accuracy", "plan_id": "plan-000001", "object_id": "accuracy-000001", "phase": "goto", "x": 39.1371, "y": -58.7057, "z": -299.5556, "e": 0}
{"logged_at": 1779511991.366667, "scenario": "test_accuracy", "plan_id": "plan-000001", "object_id": "accuracy-000001", "phase": "goto", "x": 39.5686, "y": -59.3528, "z": -299.7778, "e": 0}
{"logged_at": 1779511991.416667, "scenario": "test_accuracy", "plan_id": "plan-000001", "object_id": "accuracy-000001", "phase": "goto", "x": 40.0, "y": -60.0, "z": -300.0, "e": 0}
{"logged_at": 1779511991.466667, "scenario": "test_accuracy", "plan_id": "plan-000001", "object_id": "accuracy-000001", "phase": "pick", "x": 40.0, "y": -60.0, "z": -310.0, "e": 1}
{"logged_at": 1779511991.516667, "scenario": "test_accuracy", "plan_id": "plan-000001", "object_id": "accuracy-000001", "phase": "pick", "x": 39.836, "y": -59.3851, "z": -309.6364, "e": 1}
{"logged_at": 1779511991.566667, "scenario": "test_accuracy", "plan_id": "plan-000001", "object_id": "accuracy-000001", "phase": "pick", "x": 39.6721, "y": -58.7702, "z": -309.2727, "e": 1}
{"logged_at": 1779511991.616667, "scenario": "test_accuracy", "plan_id": "plan-000001", "object_id": "accuracy-000001", "phase": "pick", "x": 39.5081, "y": -58.1554, "z": -308.9091, "e": 1}
{"logged_at": 1779511991.666667, "scenario": "test_accuracy", "plan_id": "plan-000001", "object_id": "accuracy-000001", "phase": "pick", "x": 39.3441, "y": -57.5405, "z": -308.5455, "e": 1}
{"logged_at": 1779511991.716666, "scenario": "test_accuracy", "plan_id": "plan-000001", "object_id": "accuracy-000001", "phase": "pick", "x": 39.1802, "y": -56.9256, "z": -308.1818, "e": 1}
{"logged_at": 1779511991.766666, "scenario": "test_accuracy", "plan_id": "plan-000001", "object_id": "accuracy-000001", "phase": "pick", "x": 39.0162, "y": -56.3107, "z": -307.8182, "e": 1}
{"logged_at": 1779511991.816666, "scenario": "test_accuracy", "plan_id": "plan-000001", "object_id": "accuracy-000001", "phase": "pick", "x": 38.8522, "y": -55.6959, "z": -307.4545, "e": 1}
{"logged_at": 1779511991.866666, "scenario": "test_accuracy", "plan_id": "plan-000001", "object_id": "accuracy-000001", "phase": "pick", "x": 38.6883, "y": -55.081, "z": -307.0909, "e": 1}
{"logged_at": 1779511991.916666, "scenario": "test_accuracy", "plan_id": "plan-000001", "object_id": "accuracy-000001", "phase": "pick", "x": 38.5243, "y": -54.4661, "z": -306.7273, "e": 1}
{"logged_at": 1779511991.966666, "scenario": "test_accuracy", "plan_id": "plan-000001", "object_id": "accuracy-000001", "phase": "pick", "x": 38.3603, "y": -53.8512, "z": -306.3636, "e": 1}
{"logged_at": 1779511992.016666, "scenario": "test_accuracy", "plan_id": "plan-000001", "object_id": "accuracy-000001", "phase": "pick", "x": 38.1964, "y": -53.2364, "z": -306.0, "e": 1}
{"logged_at": 1779511992.066666, "scenario": "test_accuracy", "plan_id": "plan-000001", "object_id": "accuracy-000001", "phase": "pick", "x": 38.0324, "y": -52.6215, "z": -305.6364, "e": 1}
{"logged_at": 1779511992.116666, "scenario": "test_accuracy", "plan_id": "plan-000001", "object_id": "accuracy-000001", "phase": "pick", "x": 37.8684, "y": -52.0066, "z": -305.2727, "e": 1}
{"logged_at": 1779511992.166666, "scenario": "test_accuracy", "plan_id": "plan-000001", "object_id": "accuracy-000001", "phase": "pick", "x": 37.7045, "y": -51.3917, "z": -304.9091, "e": 1}
{"logged_at": 1779511992.216666, "scenario": "test_accuracy", "plan_id": "plan-000001", "object_id": "accuracy-000001", "phase": "pick", "x": 37.5405, "y": -50.7768, "z": -304.5455, "e": 1}
{"logged_at": 1779511992.266666, "scenario": "test_accuracy", "plan_id": "plan-000001", "object_id": "accuracy-000001", "phase": "pick", "x": 37.3765, "y": -50.162, "z": -304.1818, "e": 1}
{"logged_at": 1779511992.316666, "scenario": "test_accuracy", "plan_id": "plan-000001", "object_id": "accuracy-000001", "phase": "pick", "x": 37.2126, "y": -49.5471, "z": -303.8182, "e": 1}
{"logged_at": 1779511992.366666, "scenario": "test_accuracy", "plan_id": "plan-000001", "object_id": "accuracy-000001", "phase": "pick", "x": 37.0486, "y": -48.9322, "z": -303.4545, "e": 1}
{"logged_at": 1779511992.416666, "scenario": "test_accuracy", "plan_id": "plan-000001", "object_id": "accuracy-000001", "phase": "pick", "x": 36.8846, "y": -48.3173, "z": -303.0909, "e": 1}
{"logged_at": 1779511992.466666, "scenario": "test_accuracy", "plan_id": "plan-000001", "object_id": "accuracy-000001", "phase": "pick", "x": 36.7207, "y": -47.7025, "z": -302.7273, "e": 1}
{"logged_at": 1779511992.516666, "scenario": "test_accuracy", "plan_id": "plan-000001", "object_id": "accuracy-000001", "phase": "pick", "x": 36.5567, "y": -47.0876, "z": -302.3636, "e": 1}
{"logged_at": 1779511992.566666, "scenario": "test_accuracy", "plan_id": "plan-000001", "object_id": "accuracy-000001", "phase": "pick", "x": 36.3927, "y": -46.4727, "z": -302.0, "e": 1}
{"logged_at": 1779511992.616666, "scenario": "test_accuracy", "plan_id": "plan-000001", "object_id": "accuracy-000001", "phase": "pick", "x": 36.2288, "y": -45.8578, "z": -301.6364, "e": 1}
{"logged_at": 1779511992.666666, "scenario": "test_accuracy", "plan_id": "plan-000001", "object_id": "accuracy-000001", "phase": "pick", "x": 36.0648, "y": -45.243, "z": -301.2727, "e": 1}
{"logged_at": 1779511992.716666, "scenario": "test_accuracy", "plan_id": "plan-000001", "object_id": "accuracy-000001", "phase": "pick", "x": 35.9008, "y": -44.6281, "z": -300.9091, "e": 1}
{"logged_at": 1779511992.766665, "scenario": "test_accuracy", "plan_id": "plan-000001", "object_id": "accuracy-000001", "phase": "pick", "x": 35.7369, "y": -44.0132, "z": -300.5455, "e": 1}
{"logged_at": 1779511992.816665, "scenario": "test_accuracy", "plan_id": "plan-000001", "object_id": "accuracy-000001", "phase": "pick", "x": 35.5729, "y": -43.3983, "z": -300.1818, "e": 1}
{"logged_at": 1779511992.866665, "scenario": "test_accuracy", "plan_id": "plan-000001", "object_id": "accuracy-000001", "phase": "pick", "x": 35.4089, "y": -42.7835, "z": -299.8182, "e": 1}
{"logged_at": 1779511992.916665, "scenario": "test_accuracy", "plan_id": "plan-000001", "object_id": "accuracy-000001", "phase": "pick", "x": 35.245, "y": -42.1686, "z": -299.4545, "e": 1}
{"logged_at": 1779511992.966665, "scenario": "test_accuracy", "plan_id": "plan-000001", "object_id": "accuracy-000001", "phase": "pick", "x": 35.081, "y": -41.5537, "z": -299.0909, "e": 1}
{"logged_at": 1779511993.016665, "scenario": "test_accuracy", "plan_id": "plan-000001", "object_id": "accuracy-000001", "phase": "pick", "x": 34.917, "y": -40.9388, "z": -298.7273, "e": 1}
{"logged_at": 1779511993.066665, "scenario": "test_accuracy", "plan_id": "plan-000001", "object_id": "accuracy-000001", "phase": "pick", "x": 34.7531, "y": -40.3239, "z": -298.3636, "e": 1}
{"logged_at": 1779511993.116665, "scenario": "test_accuracy", "plan_id": "plan-000001", "object_id": "accuracy-000001", "phase": "pick", "x": 34.5891, "y": -39.7091, "z": -298.0, "e": 1}
{"logged_at": 1779511993.166665, "scenario": "test_accuracy", "plan_id": "plan-000001", "object_id": "accuracy-000001", "phase": "pick", "x": 34.4251, "y": -39.0942, "z": -297.6364, "e": 1}
{"logged_at": 1779511993.216665, "scenario": "test_accuracy", "plan_id": "plan-000001", "object_id": "accuracy-000001", "phase": "pick", "x": 34.2612, "y": -38.4793, "z": -297.2727, "e": 1}
{"logged_at": 1779511993.266665, "scenario": "test_accuracy", "plan_id": "plan-000001", "object_id": "accuracy-000001", "phase": "pick", "x": 34.0972, "y": -37.8644, "z": -296.9091, "e": 1}
{"logged_at": 1779511993.316665, "scenario": "test_accuracy", "plan_id": "plan-000001", "object_id": "accuracy-000001", "phase": "pick", "x": 33.9332, "y": -37.2496, "z": -296.5455, "e": 1}
{"logged_at": 1779511993.366665, "scenario": "test_accuracy", "plan_id": "plan-000001", "object_id": "accuracy-000001", "phase": "pick", "x": 33.7692, "y": -36.6347, "z": -296.1818, "e": 1}
{"logged_at": 1779511993.416665, "scenario": "test_accuracy", "plan_id": "plan-000001", "object_id": "accuracy-000001", "phase": "pick", "x": 33.6053, "y": -36.0198, "z": -295.8182, "e": 1}
{"logged_at": 1779511993.466665, "scenario": "test_accuracy", "plan_id": "plan-000001", "object_id": "accuracy-000001", "phase": "pick", "x": 33.4413, "y": -35.4049, "z": -295.4545, "e": 1}
{"logged_at": 1779511993.516665, "scenario": "test_accuracy", "plan_id": "plan-000001", "object_id": "accuracy-000001", "phase": "pick", "x": 33.2773, "y": -34.7901, "z": -295.0909, "e": 1}
{"logged_at": 1779511993.566665, "scenario": "test_accuracy", "plan_id": "plan-000001", "object_id": "accuracy-000001", "phase": "pick", "x": 33.1134, "y": -34.1752, "z": -294.7273, "e": 1}
{"logged_at": 1779511993.616665, "scenario": "test_accuracy", "plan_id": "plan-000001", "object_id": "accuracy-000001", "phase": "pick", "x": 32.9494, "y": -33.5603, "z": -294.3636, "e": 1}
{"logged_at": 1779511993.666665, "scenario": "test_accuracy", "plan_id": "plan-000001", "object_id": "accuracy-000001", "phase": "pick", "x": 32.7854, "y": -32.9454, "z": -294.0, "e": 1}
{"logged_at": 1779511993.716665, "scenario": "test_accuracy", "plan_id": "plan-000001", "object_id": "accuracy-000001", "phase": "pick", "x": 32.6215, "y": -32.3305, "z": -293.6364, "e": 1}
{"logged_at": 1779511993.766665, "scenario": "test_accuracy", "plan_id": "plan-000001", "object_id": "accuracy-000001", "phase": "pick", "x": 32.4575, "y": -31.7157, "z": -293.2727, "e": 1}
{"logged_at": 1779511993.816664, "scenario": "test_accuracy", "plan_id": "plan-000001", "object_id": "accuracy-000001", "phase": "pick", "x": 32.2935, "y": -31.1008, "z": -292.9091, "e": 1}
{"logged_at": 1779511993.866664, "scenario": "test_accuracy", "plan_id": "plan-000001", "object_id": "accuracy-000001", "phase": "pick", "x": 32.1296, "y": -30.4859, "z": -292.5455, "e": 1}
{"logged_at": 1779511993.916664, "scenario": "test_accuracy", "plan_id": "plan-000001", "object_id": "accuracy-000001", "phase": "pick", "x": 31.9656, "y": -29.871, "z": -292.1818, "e": 1}
{"logged_at": 1779511993.966664, "scenario": "test_accuracy", "plan_id": "plan-000001", "object_id": "accuracy-000001", "phase": "pick", "x": 31.8016, "y": -29.2562, "z": -291.8182, "e": 1}
{"logged_at": 1779511994.016664, "scenario": "test_accuracy", "plan_id": "plan-000001", "object_id": "accuracy-000001", "phase": "pick", "x": 31.6377, "y": -28.6413, "z": -291.4545, "e": 1}
{"logged_at": 1779511994.066664, "scenario": "test_accuracy", "plan_id": "plan-000001", "object_id": "accuracy-000001", "phase": "pick", "x": 31.4737, "y": -28.0264, "z": -291.0909, "e": 1}
{"logged_at": 1779511994.116664, "scenario": "test_accuracy", "plan_id": "plan-000001", "object_id": "accuracy-000001", "phase": "pick", "x": 31.3097, "y": -27.4115, "z": -290.7273, "e": 1}
{"logged_at": 1779511994.166664, "scenario": "test_accuracy", "plan_id": "plan-000001", "object_id": "accuracy-000001", "phase": "pick", "x": 31.1458, "y": -26.7967, "z": -290.3636, "e": 1}
{"logged_at": 1779511994.216664, "scenario": "test_accuracy", "plan_id": "plan-000001", "object_id": "accuracy-000001", "phase": "pick", "x": 30.9818, "y": -26.1818, "z": -290.0, "e": 1}
{"logged_at": 1779511994.266664, "scenario": "test_accuracy", "plan_id": "plan-000001", "object_id": "accuracy-000001", "phase": "pick", "x": 30.7264, "y": -25.2241, "z": -290.0, "e": 1}
{"logged_at": 1779511994.316223, "scenario": "test_accuracy", "plan_id": "plan-000001", "object_id": "accuracy-000001", "phase": "pick", "x": 30.471, "y": -24.2663, "z": -290.0, "e": 1}
{"logged_at": 1779511994.365782, "scenario": "test_accuracy", "plan_id": "plan-000001", "object_id": "accuracy-000001", "phase": "pick", "x": 30.2156, "y": -23.3086, "z": -290.0, "e": 1}
{"logged_at": 1779511994.415341, "scenario": "test_accuracy", "plan_id": "plan-000001", "object_id": "accuracy-000001", "phase": "pick", "x": 29.9602, "y": -22.3509, "z": -290.0, "e": 1}
{"logged_at": 1779511994.4649, "scenario": "test_accuracy", "plan_id": "plan-000001", "object_id": "accuracy-000001", "phase": "pick", "x": 29.7049, "y": -21.3932, "z": -290.0, "e": 1}
{"logged_at": 1779511994.51446, "scenario": "test_accuracy", "plan_id": "plan-000001", "object_id": "accuracy-000001", "phase": "pick", "x": 29.4495, "y": -20.4355, "z": -290.0, "e": 1}
{"logged_at": 1779511994.564019, "scenario": "test_accuracy", "plan_id": "plan-000001", "object_id": "accuracy-000001", "phase": "pick", "x": 29.1941, "y": -19.4778, "z": -290.0, "e": 1}
{"logged_at": 1779511994.613578, "scenario": "test_accuracy", "plan_id": "plan-000001", "object_id": "accuracy-000001", "phase": "pick", "x": 28.9387, "y": -18.5201, "z": -290.0, "e": 1}
{"logged_at": 1779511994.663137, "scenario": "test_accuracy", "plan_id": "plan-000001", "object_id": "accuracy-000001", "phase": "pick", "x": 28.6833, "y": -17.5623, "z": -290.0, "e": 1}
{"logged_at": 1779511994.712696, "scenario": "test_accuracy", "plan_id": "plan-000001", "object_id": "accuracy-000001", "phase": "pick", "x": 28.4279, "y": -16.6046, "z": -290.0, "e": 1}
{"logged_at": 1779511994.762255, "scenario": "test_accuracy", "plan_id": "plan-000001", "object_id": "accuracy-000001", "phase": "pick", "x": 28.1725, "y": -15.6469, "z": -290.0, "e": 1}
{"logged_at": 1779511994.811814, "scenario": "test_accuracy", "plan_id": "plan-000001", "object_id": "accuracy-000001", "phase": "pick", "x": 27.9171, "y": -14.6892, "z": -290.0, "e": 1}
{"logged_at": 1779511994.861373, "scenario": "test_accuracy", "plan_id": "plan-000001", "object_id": "accuracy-000001", "phase": "pick", "x": 27.6617, "y": -13.7315, "z": -290.0, "e": 1}
{"logged_at": 1779511994.910933, "scenario": "test_accuracy", "plan_id": "plan-000001", "object_id": "accuracy-000001", "phase": "pick", "x": 27.4063, "y": -12.7738, "z": -290.0, "e": 1}
{"logged_at": 1779511994.960492, "scenario": "test_accuracy", "plan_id": "plan-000001", "object_id": "accuracy-000001", "phase": "pick", "x": 27.1509, "y": -11.816, "z": -290.0, "e": 1}
{"logged_at": 1779511995.010051, "scenario": "test_accuracy", "plan_id": "plan-000001", "object_id": "accuracy-000001", "phase": "pick", "x": 26.8956, "y": -10.8583, "z": -290.0, "e": 1}
{"logged_at": 1779511995.05961, "scenario": "test_accuracy", "plan_id": "plan-000001", "object_id": "accuracy-000001", "phase": "pick", "x": 26.6402, "y": -9.9006, "z": -290.0, "e": 1}
{"logged_at": 1779511995.109169, "scenario": "test_accuracy", "plan_id": "plan-000001", "object_id": "accuracy-000001", "phase": "pick", "x": 26.3848, "y": -8.9429, "z": -290.0, "e": 1}
{"logged_at": 1779511995.158728, "scenario": "test_accuracy", "plan_id": "plan-000001", "object_id": "accuracy-000001", "phase": "pick", "x": 26.1294, "y": -7.9852, "z": -290.0, "e": 1}
{"logged_at": 1779511995.208287, "scenario": "test_accuracy", "plan_id": "plan-000001", "object_id": "accuracy-000001", "phase": "pick", "x": 25.874, "y": -7.0275, "z": -290.0, "e": 1}
{"logged_at": 1779511995.257846, "scenario": "test_accuracy", "plan_id": "plan-000001", "object_id": "accuracy-000001", "phase": "pick", "x": 25.6186, "y": -6.0697, "z": -290.0, "e": 1}
{"logged_at": 1779511995.307405, "scenario": "test_accuracy", "plan_id": "plan-000001", "object_id": "accuracy-000001", "phase": "pick", "x": 25.3632, "y": -5.112, "z": -290.0, "e": 1}
{"logged_at": 1779511995.356965, "scenario": "test_accuracy", "plan_id": "plan-000001", "object_id": "accuracy-000001", "phase": "pick", "x": 25.1078, "y": -4.1543, "z": -290.0, "e": 1}
{"logged_at": 1779511995.406524, "scenario": "test_accuracy", "plan_id": "plan-000001", "object_id": "accuracy-000001", "phase": "pick", "x": 24.8524, "y": -3.1966, "z": -290.0, "e": 1}
{"logged_at": 1779511995.456083, "scenario": "test_accuracy", "plan_id": "plan-000001", "object_id": "accuracy-000001", "phase": "pick", "x": 24.597, "y": -2.2389, "z": -290.0, "e": 1}
{"logged_at": 1779511995.505642, "scenario": "test_accuracy", "plan_id": "plan-000001", "object_id": "accuracy-000001", "phase": "pick", "x": 24.3416, "y": -1.2812, "z": -290.0, "e": 1}
{"logged_at": 1779511995.555201, "scenario": "test_accuracy", "plan_id": "plan-000001", "object_id": "accuracy-000001", "phase": "pick", "x": 24.0863, "y": -0.3235, "z": -290.0, "e": 1}
{"logged_at": 1779511995.60476, "scenario": "test_accuracy", "plan_id": "plan-000001", "object_id": "accuracy-000001", "phase": "pick", "x": 23.8309, "y": 0.6343, "z": -290.0, "e": 1}
{"logged_at": 1779511995.654319, "scenario": "test_accuracy", "plan_id": "plan-000001", "object_id": "accuracy-000001", "phase": "pick", "x": 23.5755, "y": 1.592, "z": -290.0, "e": 1}
{"logged_at": 1779511995.703878, "scenario": "test_accuracy", "plan_id": "plan-000001", "object_id": "accuracy-000001", "phase": "pick", "x": 23.3201, "y": 2.5497, "z": -290.0, "e": 1}
{"logged_at": 1779511995.753438, "scenario": "test_accuracy", "plan_id": "plan-000001", "object_id": "accuracy-000001", "phase": "pick", "x": 23.0647, "y": 3.5074, "z": -290.0, "e": 1}
{"logged_at": 1779511995.802997, "scenario": "test_accuracy", "plan_id": "plan-000001", "object_id": "accuracy-000001", "phase": "pick", "x": 22.8093, "y": 4.4651, "z": -290.0, "e": 1}
{"logged_at": 1779511995.852556, "scenario": "test_accuracy", "plan_id": "plan-000001", "object_id": "accuracy-000001", "phase": "pick", "x": 22.5539, "y": 5.4228, "z": -290.0, "e": 1}
{"logged_at": 1779511995.902115, "scenario": "test_accuracy", "plan_id": "plan-000001", "object_id": "accuracy-000001", "phase": "pick", "x": 22.2985, "y": 6.3806, "z": -290.0, "e": 1}
{"logged_at": 1779511995.951674, "scenario": "test_accuracy", "plan_id": "plan-000001", "object_id": "accuracy-000001", "phase": "pick", "x": 22.0431, "y": 7.3383, "z": -290.0, "e": 1}
{"logged_at": 1779511996.001233, "scenario": "test_accuracy", "plan_id": "plan-000001", "object_id": "accuracy-000001", "phase": "pick", "x": 21.7877, "y": 8.296, "z": -290.0, "e": 1}
{"logged_at": 1779511996.050792, "scenario": "test_accuracy", "plan_id": "plan-000001", "object_id": "accuracy-000001", "phase": "pick", "x": 21.5323, "y": 9.2537, "z": -290.0, "e": 1}
{"logged_at": 1779511996.100351, "scenario": "test_accuracy", "plan_id": "plan-000001", "object_id": "accuracy-000001", "phase": "pick", "x": 21.277, "y": 10.2114, "z": -290.0, "e": 1}
{"logged_at": 1779511996.14991, "scenario": "test_accuracy", "plan_id": "plan-000001", "object_id": "accuracy-000001", "phase": "pick", "x": 21.0216, "y": 11.1691, "z": -290.0, "e": 1}
{"logged_at": 1779511996.19947, "scenario": "test_accuracy", "plan_id": "plan-000001", "object_id": "accuracy-000001", "phase": "pick", "x": 20.7662, "y": 12.1269, "z": -290.0, "e": 1}
{"logged_at": 1779511996.249029, "scenario": "test_accuracy", "plan_id": "plan-000001", "object_id": "accuracy-000001", "phase": "pick", "x": 20.5108, "y": 13.0846, "z": -290.0, "e": 1}
{"logged_at": 1779511996.298588, "scenario": "test_accuracy", "plan_id": "plan-000001", "object_id": "accuracy-000001", "phase": "pick", "x": 20.2554, "y": 14.0423, "z": -290.0, "e": 1}
{"logged_at": 1779511996.348147, "scenario": "test_accuracy", "plan_id": "plan-000001", "object_id": "accuracy-000001", "phase": "pick", "x": 20.0, "y": 15.0, "z": -290.0, "e": 1}
{"logged_at": 1779511996.397706, "scenario": "test_accuracy", "plan_id": "plan-000001", "object_id": "accuracy-000001", "phase": "pick", "x": 19.7446, "y": 15.9577, "z": -290.0, "e": 1}
{"logged_at": 1779511996.447265, "scenario": "test_accuracy", "plan_id": "plan-000001", "object_id": "accuracy-000001", "phase": "pick", "x": 19.4892, "y": 16.9154, "z": -290.0, "e": 1}
{"logged_at": 1779511996.496824, "scenario": "test_accuracy", "plan_id": "plan-000001", "object_id": "accuracy-000001", "phase": "pick", "x": 19.2338, "y": 17.8731, "z": -290.0, "e": 1}
{"logged_at": 1779511996.546383, "scenario": "test_accuracy", "plan_id": "plan-000001", "object_id": "accuracy-000001", "phase": "pick", "x": 18.9784, "y": 18.8309, "z": -290.0, "e": 1}
{"logged_at": 1779511996.595942, "scenario": "test_accuracy", "plan_id": "plan-000001", "object_id": "accuracy-000001", "phase": "pick", "x": 18.723, "y": 19.7886, "z": -290.0, "e": 1}
{"logged_at": 1779511996.645502, "scenario": "test_accuracy", "plan_id": "plan-000001", "object_id": "accuracy-000001", "phase": "pick", "x": 18.4677, "y": 20.7463, "z": -290.0, "e": 1}
{"logged_at": 1779511996.695061, "scenario": "test_accuracy", "plan_id": "plan-000001", "object_id": "accuracy-000001", "phase": "pick", "x": 18.2123, "y": 21.704, "z": -290.0, "e": 1}
{"logged_at": 1779511996.74462, "scenario": "test_accuracy", "plan_id": "plan-000001", "object_id": "accuracy-000001", "phase": "pick", "x": 17.9569, "y": 22.6617, "z": -290.0, "e": 1}
{"logged_at": 1779511996.794179, "scenario": "test_accuracy", "plan_id": "plan-000001", "object_id": "accuracy-000001", "phase": "pick", "x": 17.7015, "y": 23.6194, "z": -290.0, "e": 1}
{"logged_at": 1779511996.843738, "scenario": "test_accuracy", "plan_id": "plan-000001", "object_id": "accuracy-000001", "phase": "pick", "x": 17.4461, "y": 24.5772, "z": -290.0, "e": 1}
{"logged_at": 1779511996.893297, "scenario": "test_accuracy", "plan_id": "plan-000001", "object_id": "accuracy-000001", "phase": "pick", "x": 17.1907, "y": 25.5349, "z": -290.0, "e": 1}
{"logged_at": 1779511996.942856, "scenario": "test_accuracy", "plan_id": "plan-000001", "object_id": "accuracy-000001", "phase": "pick", "x": 16.9353, "y": 26.4926, "z": -290.0, "e": 1}
{"logged_at": 1779511996.992415, "scenario": "test_accuracy", "plan_id": "plan-000001", "object_id": "accuracy-000001", "phase": "pick", "x": 16.6799, "y": 27.4503, "z": -290.0, "e": 1}
{"logged_at": 1779511997.041975, "scenario": "test_accuracy", "plan_id": "plan-000001", "object_id": "accuracy-000001", "phase": "pick", "x": 16.4245, "y": 28.408, "z": -290.0, "e": 1}
{"logged_at": 1779511997.091534, "scenario": "test_accuracy", "plan_id": "plan-000001", "object_id": "accuracy-000001", "phase": "pick", "x": 16.1691, "y": 29.3657, "z": -290.0, "e": 1}
{"logged_at": 1779511997.141093, "scenario": "test_accuracy", "plan_id": "plan-000001", "object_id": "accuracy-000001", "phase": "pick", "x": 15.9137, "y": 30.3235, "z": -290.0, "e": 1}
{"logged_at": 1779511997.190652, "scenario": "test_accuracy", "plan_id": "plan-000001", "object_id": "accuracy-000001", "phase": "pick", "x": 15.6584, "y": 31.2812, "z": -290.0, "e": 1}
{"logged_at": 1779511997.240211, "scenario": "test_accuracy", "plan_id": "plan-000001", "object_id": "accuracy-000001", "phase": "pick", "x": 15.403, "y": 32.2389, "z": -290.0, "e": 1}
{"logged_at": 1779511997.28977, "scenario": "test_accuracy", "plan_id": "plan-000001", "object_id": "accuracy-000001", "phase": "pick", "x": 15.1476, "y": 33.1966, "z": -290.0, "e": 1}
{"logged_at": 1779511997.339329, "scenario": "test_accuracy", "plan_id": "plan-000001", "object_id": "accuracy-000001", "phase": "pick", "x": 14.8922, "y": 34.1543, "z": -290.0, "e": 1}
{"logged_at": 1779511997.388888, "scenario": "test_accuracy", "plan_id": "plan-000001", "object_id": "accuracy-000001", "phase": "pick", "x": 14.6368, "y": 35.112, "z": -290.0, "e": 1}
{"logged_at": 1779511997.438447, "scenario": "test_accuracy", "plan_id": "plan-000001", "object_id": "accuracy-000001", "phase": "pick", "x": 14.3814, "y": 36.0697, "z": -290.0, "e": 1}
{"logged_at": 1779511997.488007, "scenario": "test_accuracy", "plan_id": "plan-000001", "object_id": "accuracy-000001", "phase": "pick", "x": 14.126, "y": 37.0275, "z": -290.0, "e": 1}
{"logged_at": 1779511997.537566, "scenario": "test_accuracy", "plan_id": "plan-000001", "object_id": "accuracy-000001", "phase": "pick", "x": 13.8706, "y": 37.9852, "z": -290.0, "e": 1}
{"logged_at": 1779511997.587125, "scenario": "test_accuracy", "plan_id": "plan-000001", "object_id": "accuracy-000001", "phase": "pick", "x": 13.6152, "y": 38.9429, "z": -290.0, "e": 1}
{"logged_at": 1779511997.636684, "scenario": "test_accuracy", "plan_id": "plan-000001", "object_id": "accuracy-000001", "phase": "pick", "x": 13.3598, "y": 39.9006, "z": -290.0, "e": 1}
{"logged_at": 1779511997.686243, "scenario": "test_accuracy", "plan_id": "plan-000001", "object_id": "accuracy-000001", "phase": "pick", "x": 13.1044, "y": 40.8583, "z": -290.0, "e": 1}
{"logged_at": 1779511997.735802, "scenario": "test_accuracy", "plan_id": "plan-000001", "object_id": "accuracy-000001", "phase": "pick", "x": 12.8491, "y": 41.816, "z": -290.0, "e": 1}
{"logged_at": 1779511997.785361, "scenario": "test_accuracy", "plan_id": "plan-000001", "object_id": "accuracy-000001", "phase": "pick", "x": 12.5937, "y": 42.7738, "z": -290.0, "e": 1}
{"logged_at": 1779511997.83492, "scenario": "test_accuracy", "plan_id": "plan-000001", "object_id": "accuracy-000001", "phase": "pick", "x": 12.3383, "y": 43.7315, "z": -290.0, "e": 1}
{"logged_at": 1779511997.88448, "scenario": "test_accuracy", "plan_id": "plan-000001", "object_id": "accuracy-000001", "phase": "pick", "x": 12.0829, "y": 44.6892, "z": -290.0, "e": 1}
{"logged_at": 1779511997.934039, "scenario": "test_accuracy", "plan_id": "plan-000001", "object_id": "accuracy-000001", "phase": "pick", "x": 11.8275, "y": 45.6469, "z": -290.0, "e": 1}
{"logged_at": 1779511997.983598, "scenario": "test_accuracy", "plan_id": "plan-000001", "object_id": "accuracy-000001", "phase": "pick", "x": 11.5721, "y": 46.6046, "z": -290.0, "e": 1}
{"logged_at": 1779511998.033157, "scenario": "test_accuracy", "plan_id": "plan-000001", "object_id": "accuracy-000001", "phase": "pick", "x": 11.3167, "y": 47.5623, "z": -290.0, "e": 1}
{"logged_at": 1779511998.082716, "scenario": "test_accuracy", "plan_id": "plan-000001", "object_id": "accuracy-000001", "phase": "pick", "x": 11.0613, "y": 48.5201, "z": -290.0, "e": 1}
{"logged_at": 1779511998.132275, "scenario": "test_accuracy", "plan_id": "plan-000001", "object_id": "accuracy-000001", "phase": "pick", "x": 10.8059, "y": 49.4778, "z": -290.0, "e": 1}
{"logged_at": 1779511998.181834, "scenario": "test_accuracy", "plan_id": "plan-000001", "object_id": "accuracy-000001", "phase": "pick", "x": 10.5505, "y": 50.4355, "z": -290.0, "e": 1}
{"logged_at": 1779511998.231393, "scenario": "test_accuracy", "plan_id": "plan-000001", "object_id": "accuracy-000001", "phase": "pick", "x": 10.2951, "y": 51.3932, "z": -290.0, "e": 1}
{"logged_at": 1779511998.280952, "scenario": "test_accuracy", "plan_id": "plan-000001", "object_id": "accuracy-000001", "phase": "pick", "x": 10.0398, "y": 52.3509, "z": -290.0, "e": 1}
{"logged_at": 1779511998.330512, "scenario": "test_accuracy", "plan_id": "plan-000001", "object_id": "accuracy-000001", "phase": "pick", "x": 9.7844, "y": 53.3086, "z": -290.0, "e": 1}
{"logged_at": 1779511998.380071, "scenario": "test_accuracy", "plan_id": "plan-000001", "object_id": "accuracy-000001", "phase": "pick", "x": 9.529, "y": 54.2663, "z": -290.0, "e": 1}
{"logged_at": 1779511998.42963, "scenario": "test_accuracy", "plan_id": "plan-000001", "object_id": "accuracy-000001", "phase": "pick", "x": 9.2736, "y": 55.2241, "z": -290.0, "e": 1}
{"logged_at": 1779511998.479189, "scenario": "test_accuracy", "plan_id": "plan-000001", "object_id": "accuracy-000001", "phase": "pick", "x": 9.0182, "y": 56.1818, "z": -290.0, "e": 1}
{"logged_at": 1779511998.528748, "scenario": "test_accuracy", "plan_id": "plan-000001", "object_id": "accuracy-000001", "phase": "pick", "x": 6.0121, "y": 67.4545, "z": -290.0, "e": 0}
{"logged_at": 1779511998.575415, "scenario": "test_accuracy", "plan_id": "plan-000001", "object_id": "accuracy-000001", "phase": "pick", "x": 3.0061, "y": 78.7273, "z": -290.0, "e": 0}
{"logged_at": 1779511998.622081, "scenario": "test_accuracy", "plan_id": "plan-000001", "object_id": "accuracy-000001", "phase": "pick", "x": 0.0, "y": 90.0, "z": -290.0, "e": 0}
{"logged_at": 1779513889.704483, "scenario": "test_accuracy", "plan_id": "plan-000001", "object_id": "accuracy-000001", "phase": "goto", "x": 0.0, "y": 0.0, "z": -290.0, "e": 0}
{"logged_at": 1779513889.744483, "scenario": "test_accuracy", "plan_id": "plan-000001", "object_id": "accuracy-000001", "phase": "goto", "x": 0.0, "y": 0.0, "z": -290.0, "e": 0}
{"logged_at": 1779513889.784483, "scenario": "test_accuracy", "plan_id": "plan-000001", "object_id": "accuracy-000001", "phase": "goto", "x": 1.3868, "y": -2.0801, "z": -290.0, "e": 0}
{"logged_at": 1779513889.834483, "scenario": "test_accuracy", "plan_id": "plan-000001", "object_id": "accuracy-000001", "phase": "goto", "x": 2.7735, "y": -4.1603, "z": -290.0, "e": 0}
{"logged_at": 1779513889.884483, "scenario": "test_accuracy", "plan_id": "plan-000001", "object_id": "accuracy-000001", "phase": "goto", "x": 4.1603, "y": -6.2404, "z": -290.0, "e": 0}
{"logged_at": 1779513889.934483, "scenario": "test_accuracy", "plan_id": "plan-000001", "object_id": "accuracy-000001", "phase": "goto", "x": 5.547, "y": -8.3205, "z": -290.0, "e": 0}
{"logged_at": 1779513889.984483, "scenario": "test_accuracy", "plan_id": "plan-000001", "object_id": "accuracy-000001", "phase": "goto", "x": 6.9338, "y": -10.4006, "z": -290.0, "e": 0}
{"logged_at": 1779513890.034483, "scenario": "test_accuracy", "plan_id": "plan-000001", "object_id": "accuracy-000001", "phase": "goto", "x": 8.3205, "y": -12.4808, "z": -290.0, "e": 0}
{"logged_at": 1779513890.084483, "scenario": "test_accuracy", "plan_id": "plan-000001", "object_id": "accuracy-000001", "phase": "goto", "x": 9.7073, "y": -14.5609, "z": -290.0, "e": 0}
{"logged_at": 1779513890.134483, "scenario": "test_accuracy", "plan_id": "plan-000001", "object_id": "accuracy-000001", "phase": "goto", "x": 11.094, "y": -16.641, "z": -290.0, "e": 0}
{"logged_at": 1779513890.184483, "scenario": "test_accuracy", "plan_id": "plan-000001", "object_id": "accuracy-000001", "phase": "goto", "x": 12.4808, "y": -18.7211, "z": -290.0, "e": 0}
{"logged_at": 1779513890.234483, "scenario": "test_accuracy", "plan_id": "plan-000001", "object_id": "accuracy-000001", "phase": "goto", "x": 13.8675, "y": -20.8013, "z": -290.0, "e": 0}
{"logged_at": 1779513890.284482, "scenario": "test_accuracy", "plan_id": "plan-000001", "object_id": "accuracy-000001", "phase": "goto", "x": 15.2543, "y": -22.8814, "z": -290.0, "e": 0}
{"logged_at": 1779513890.334482, "scenario": "test_accuracy", "plan_id": "plan-000001", "object_id": "accuracy-000001", "phase": "goto", "x": 16.641, "y": -24.9615, "z": -290.0, "e": 0}
{"logged_at": 1779513890.384482, "scenario": "test_accuracy", "plan_id": "plan-000001", "object_id": "accuracy-000001", "phase": "goto", "x": 18.0278, "y": -27.0416, "z": -290.0, "e": 0}
{"logged_at": 1779513890.434482, "scenario": "test_accuracy", "plan_id": "plan-000001", "object_id": "accuracy-000001", "phase": "goto", "x": 19.4145, "y": -29.1218, "z": -290.0, "e": 0}
{"logged_at": 1779513890.484482, "scenario": "test_accuracy", "plan_id": "plan-000001", "object_id": "accuracy-000001", "phase": "goto", "x": 20.7869, "y": -31.1803, "z": -290.0, "e": 0}
{"logged_at": 1779513890.533964, "scenario": "test_accuracy", "plan_id": "plan-000001", "object_id": "accuracy-000001", "phase": "goto", "x": 22.1592, "y": -33.2389, "z": -290.0, "e": 0}
{"logged_at": 1779513890.583445, "scenario": "test_accuracy", "plan_id": "plan-000001", "object_id": "accuracy-000001", "phase": "goto", "x": 23.5316, "y": -35.2974, "z": -290.0, "e": 0}
{"logged_at": 1779513890.632926, "scenario": "test_accuracy", "plan_id": "plan-000001", "object_id": "accuracy-000001", "phase": "goto", "x": 24.904, "y": -37.356, "z": -290.0, "e": 0}
{"logged_at": 1779513890.682408, "scenario": "test_accuracy", "plan_id": "plan-000001", "object_id": "accuracy-000001", "phase": "goto", "x": 26.2763, "y": -39.4145, "z": -290.0, "e": 0}
{"logged_at": 1779513890.731889, "scenario": "test_accuracy", "plan_id": "plan-000001", "object_id": "accuracy-000001", "phase": "goto", "x": 27.6487, "y": -41.4731, "z": -290.0, "e": 0}
{"logged_at": 1779513890.781371, "scenario": "test_accuracy", "plan_id": "plan-000001", "object_id": "accuracy-000001", "phase": "goto", "x": 29.0211, "y": -43.5316, "z": -290.0, "e": 0}
{"logged_at": 1779513890.830852, "scenario": "test_accuracy", "plan_id": "plan-000001", "object_id": "accuracy-000001", "phase": "goto", "x": 30.3934, "y": -45.5902, "z": -290.0, "e": 0}
{"logged_at": 1779513890.880333, "scenario": "test_accuracy", "plan_id": "plan-000001", "object_id": "accuracy-000001", "phase": "goto", "x": 31.7658, "y": -47.6487, "z": -290.0, "e": 0}
{"logged_at": 1779513890.929815, "scenario": "test_accuracy", "plan_id": "plan-000001", "object_id": "accuracy-000001", "phase": "goto", "x": 33.1382, "y": -49.7073, "z": -290.0, "e": 0}
{"logged_at": 1779513890.979296, "scenario": "test_accuracy", "plan_id": "plan-000001", "object_id": "accuracy-000001", "phase": "goto", "x": 34.5105, "y": -51.7658, "z": -290.0, "e": 0}
{"logged_at": 1779513891.028778, "scenario": "test_accuracy", "plan_id": "plan-000001", "object_id": "accuracy-000001", "phase": "goto", "x": 35.8829, "y": -53.8244, "z": -290.0, "e": 0}
{"logged_at": 1779513891.078259, "scenario": "test_accuracy", "plan_id": "plan-000001", "object_id": "accuracy-000001", "phase": "goto", "x": 37.2553, "y": -55.8829, "z": -290.0, "e": 0}
{"logged_at": 1779513891.12774, "scenario": "test_accuracy", "plan_id": "plan-000001", "object_id": "accuracy-000001", "phase": "goto", "x": 38.6276, "y": -57.9415, "z": -290.0, "e": 0}
{"logged_at": 1779513891.177222, "scenario": "test_accuracy", "plan_id": "plan-000001", "object_id": "accuracy-000001", "phase": "goto", "x": 40.0, "y": -60.0, "z": -290.0, "e": 0}
{"logged_at": 1779513891.226703, "scenario": "test_accuracy", "plan_id": "plan-000001", "object_id": "accuracy-000001", "phase": "goto", "x": 40.0, "y": -60.0, "z": -292.5, "e": 0}
{"logged_at": 1779513891.276703, "scenario": "test_accuracy", "plan_id": "plan-000001", "object_id": "accuracy-000001", "phase": "goto", "x": 40.0, "y": -60.0, "z": -295.0, "e": 0}
{"logged_at": 1779513891.326703, "scenario": "test_accuracy", "plan_id": "plan-000001", "object_id": "accuracy-000001", "phase": "goto", "x": 40.0, "y": -60.0, "z": -297.5, "e": 0}
{"logged_at": 1779513891.376703, "scenario": "test_accuracy", "plan_id": "plan-000001", "object_id": "accuracy-000001", "phase": "goto", "x": 40.0, "y": -60.0, "z": -300.0, "e": 0}
{"logged_at": 1779513891.426703, "scenario": "test_accuracy", "plan_id": "plan-000001", "object_id": "accuracy-000001", "phase": "pick", "x": 40.0, "y": -60.0, "z": -310.0, "e": 1}
{"logged_at": 1779513891.476703, "scenario": "test_accuracy", "plan_id": "plan-000001", "object_id": "accuracy-000001", "phase": "pick", "x": 40.0, "y": -60.0, "z": -307.5, "e": 1}
{"logged_at": 1779513891.526703, "scenario": "test_accuracy", "plan_id": "plan-000001", "object_id": "accuracy-000001", "phase": "pick", "x": 40.0, "y": -60.0, "z": -305.0, "e": 1}
{"logged_at": 1779513891.576703, "scenario": "test_accuracy", "plan_id": "plan-000001", "object_id": "accuracy-000001", "phase": "pick", "x": 40.0, "y": -60.0, "z": -302.5, "e": 1}
{"logged_at": 1779513891.626703, "scenario": "test_accuracy", "plan_id": "plan-000001", "object_id": "accuracy-000001", "phase": "pick", "x": 40.0, "y": -60.0, "z": -300.0, "e": 1}
{"logged_at": 1779513891.676703, "scenario": "test_accuracy", "plan_id": "plan-000001", "object_id": "accuracy-000001", "phase": "pick", "x": 40.0, "y": -60.0, "z": -297.5, "e": 1}
{"logged_at": 1779513891.726703, "scenario": "test_accuracy", "plan_id": "plan-000001", "object_id": "accuracy-000001", "phase": "pick", "x": 40.0, "y": -60.0, "z": -295.0, "e": 1}
{"logged_at": 1779513891.776703, "scenario": "test_accuracy", "plan_id": "plan-000001", "object_id": "accuracy-000001", "phase": "pick", "x": 40.0, "y": -60.0, "z": -292.5, "e": 1}
{"logged_at": 1779513891.826703, "scenario": "test_accuracy", "plan_id": "plan-000001", "object_id": "accuracy-000001", "phase": "pick", "x": 40.0, "y": -60.0, "z": -290.0, "e": 1}
{"logged_at": 1779513891.876703, "scenario": "test_accuracy", "plan_id": "plan-000001", "object_id": "accuracy-000001", "phase": "pick", "x": 39.3677, "y": -57.6289, "z": -290.0, "e": 1}
{"logged_at": 1779513891.925781, "scenario": "test_accuracy", "plan_id": "plan-000001", "object_id": "accuracy-000001", "phase": "pick", "x": 38.7354, "y": -55.2579, "z": -290.0, "e": 1}
{"logged_at": 1779513891.974859, "scenario": "test_accuracy", "plan_id": "plan-000001", "object_id": "accuracy-000001", "phase": "pick", "x": 38.1032, "y": -52.8868, "z": -290.0, "e": 1}
{"logged_at": 1779513892.023937, "scenario": "test_accuracy", "plan_id": "plan-000001", "object_id": "accuracy-000001", "phase": "pick", "x": 37.4709, "y": -50.5158, "z": -290.0, "e": 1}
{"logged_at": 1779513892.073015, "scenario": "test_accuracy", "plan_id": "plan-000001", "object_id": "accuracy-000001", "phase": "pick", "x": 36.8386, "y": -48.1447, "z": -290.0, "e": 1}
{"logged_at": 1779513892.122094, "scenario": "test_accuracy", "plan_id": "plan-000001", "object_id": "accuracy-000001", "phase": "pick", "x": 36.2063, "y": -45.7737, "z": -290.0, "e": 1}
{"logged_at": 1779513892.171172, "scenario": "test_accuracy", "plan_id": "plan-000001", "object_id": "accuracy-000001", "phase": "pick", "x": 35.574, "y": -43.4026, "z": -290.0, "e": 1}
{"logged_at": 1779513892.22025, "scenario": "test_accuracy", "plan_id": "plan-000001", "object_id": "accuracy-000001", "phase": "pick", "x": 34.9417, "y": -41.0315, "z": -290.0, "e": 1}
{"logged_at": 1779513892.269328, "scenario": "test_accuracy", "plan_id": "plan-000001", "object_id": "accuracy-000001", "phase": "pick", "x": 34.3095, "y": -38.6605, "z": -290.0, "e": 1}
{"logged_at": 1779513892.318407, "scenario": "test_accuracy", "plan_id": "plan-000001", "object_id": "accuracy-000001", "phase": "pick", "x": 33.6772, "y": -36.2894, "z": -290.0, "e": 1}
{"logged_at": 1779513892.367485, "scenario": "test_accuracy", "plan_id": "plan-000001", "object_id": "accuracy-000001", "phase": "pick", "x": 33.0449, "y": -33.9184, "z": -290.0, "e": 1}
{"logged_at": 1779513892.416563, "scenario": "test_accuracy", "plan_id": "plan-000001", "object_id": "accuracy-000001", "phase": "pick", "x": 32.4126, "y": -31.5473, "z": -290.0, "e": 1}
{"logged_at": 1779513892.465641, "scenario": "test_accuracy", "plan_id": "plan-000001", "object_id": "accuracy-000001", "phase": "pick", "x": 31.7803, "y": -29.1763, "z": -290.0, "e": 1}
{"logged_at": 1779513892.514719, "scenario": "test_accuracy", "plan_id": "plan-000001", "object_id": "accuracy-000001", "phase": "pick", "x": 31.1481, "y": -26.8052, "z": -290.0, "e": 1}
{"logged_at": 1779513892.563798, "scenario": "test_accuracy", "plan_id": "plan-000001", "object_id": "accuracy-000001", "phase": "pick", "x": 30.5158, "y": -24.4341, "z": -290.0, "e": 1}
{"logged_at": 1779513892.612876, "scenario": "test_accuracy", "plan_id": "plan-000001", "object_id": "accuracy-000001", "phase": "pick", "x": 29.8835, "y": -22.0631, "z": -290.0, "e": 1}
{"logged_at": 1779513892.661954, "scenario": "test_accuracy", "plan_id": "plan-000001", "object_id": "accuracy-000001", "phase": "pick", "x": 29.2512, "y": -19.692, "z": -290.0, "e": 1}
{"logged_at": 1779513892.711032, "scenario": "test_accuracy", "plan_id": "plan-000001", "object_id": "accuracy-000001", "phase": "pick", "x": 28.6189, "y": -17.321, "z": -290.0, "e": 1}
{"logged_at": 1779513892.760111, "scenario": "test_accuracy", "plan_id": "plan-000001", "object_id": "accuracy-000001", "phase": "pick", "x": 27.9866, "y": -14.9499, "z": -290.0, "e": 1}
{"logged_at": 1779513892.809189, "scenario": "test_accuracy", "plan_id": "plan-000001", "object_id": "accuracy-000001", "phase": "pick", "x": 27.3544, "y": -12.5789, "z": -290.0, "e": 1}
{"logged_at": 1779513892.858267, "scenario": "test_accuracy", "plan_id": "plan-000001", "object_id": "accuracy-000001", "phase": "pick", "x": 26.7221, "y": -10.2078, "z": -290.0, "e": 1}
{"logged_at": 1779513892.907345, "scenario": "test_accuracy", "plan_id": "plan-000001", "object_id": "accuracy-000001", "phase": "pick", "x": 26.0898, "y": -7.8368, "z": -290.0, "e": 1}
{"logged_at": 1779513892.956424, "scenario": "test_accuracy", "plan_id": "plan-000001", "object_id": "accuracy-000001", "phase": "pick", "x": 25.4575, "y": -5.4657, "z": -290.0, "e": 1}
{"logged_at": 1779513893.005502, "scenario": "test_accuracy", "plan_id": "plan-000001", "object_id": "accuracy-000001", "phase": "pick", "x": 24.8252, "y": -3.0946, "z": -290.0, "e": 1}
{"logged_at": 1779513893.05458, "scenario": "test_accuracy", "plan_id": "plan-000001", "object_id": "accuracy-000001", "phase": "pick", "x": 24.193, "y": -0.7236, "z": -290.0, "e": 1}
{"logged_at": 1779513893.103658, "scenario": "test_accuracy", "plan_id": "plan-000001", "object_id": "accuracy-000001", "phase": "pick", "x": 23.5607, "y": 1.6475, "z": -290.0, "e": 1}
{"logged_at": 1779513893.152736, "scenario": "test_accuracy", "plan_id": "plan-000001", "object_id": "accuracy-000001", "phase": "pick", "x": 22.9284, "y": 4.0185, "z": -290.0, "e": 1}
{"logged_at": 1779513893.201815, "scenario": "test_accuracy", "plan_id": "plan-000001", "object_id": "accuracy-000001", "phase": "pick", "x": 22.2961, "y": 6.3896, "z": -290.0, "e": 1}
{"logged_at": 1779513893.250893, "scenario": "test_accuracy", "plan_id": "plan-000001", "object_id": "accuracy-000001", "phase": "pick", "x": 21.6638, "y": 8.7606, "z": -290.0, "e": 1}
{"logged_at": 1779513893.299971, "scenario": "test_accuracy", "plan_id": "plan-000001", "object_id": "accuracy-000001", "phase": "pick", "x": 21.0315, "y": 11.1317, "z": -290.0, "e": 1}
{"logged_at": 1779513893.349049, "scenario": "test_accuracy", "plan_id": "plan-000001", "object_id": "accuracy-000001", "phase": "pick", "x": 20.3993, "y": 13.5028, "z": -290.0, "e": 1}
{"logged_at": 1779513893.398128, "scenario": "test_accuracy", "plan_id": "plan-000001", "object_id": "accuracy-000001", "phase": "pick", "x": 19.767, "y": 15.8738, "z": -290.0, "e": 1}
{"logged_at": 1779513893.447206, "scenario": "test_accuracy", "plan_id": "plan-000001", "object_id": "accuracy-000001", "phase": "pick", "x": 19.1347, "y": 18.2449, "z": -290.0, "e": 1}
{"logged_at": 1779513893.496284, "scenario": "test_accuracy", "plan_id": "plan-000001", "object_id": "accuracy-000001", "phase": "pick", "x": 18.5024, "y": 20.6159, "z": -290.0, "e": 1}
{"logged_at": 1779513893.545362, "scenario": "test_accuracy", "plan_id": "plan-000001", "object_id": "accuracy-000001", "phase": "pick", "x": 17.8701, "y": 22.987, "z": -290.0, "e": 1}
{"logged_at": 1779513893.59444, "scenario": "test_accuracy", "plan_id": "plan-000001", "object_id": "accuracy-000001", "phase": "pick", "x": 17.2379, "y": 25.358, "z": -290.0, "e": 1}
{"logged_at": 1779513893.643519, "scenario": "test_accuracy", "plan_id": "plan-000001", "object_id": "accuracy-000001", "phase": "pick", "x": 16.6056, "y": 27.7291, "z": -290.0, "e": 1}
{"logged_at": 1779513893.692597, "scenario": "test_accuracy", "plan_id": "plan-000001", "object_id": "accuracy-000001", "phase": "pick", "x": 15.9733, "y": 30.1002, "z": -290.0, "e": 1}
{"logged_at": 1779513893.741675, "scenario": "test_accuracy", "plan_id": "plan-000001", "object_id": "accuracy-000001", "phase": "pick", "x": 15.341, "y": 32.4712, "z": -290.0, "e": 1}
{"logged_at": 1779513893.790753, "scenario": "test_accuracy", "plan_id": "plan-000001", "object_id": "accuracy-000001", "phase": "pick", "x": 14.7087, "y": 34.8423, "z": -290.0, "e": 1}
{"logged_at": 1779513893.839832, "scenario": "test_accuracy", "plan_id": "plan-000001", "object_id": "accuracy-000001", "phase": "pick", "x": 14.0764, "y": 37.2133, "z": -290.0, "e": 1}
{"logged_at": 1779513893.88891, "scenario": "test_accuracy", "plan_id": "plan-000001", "object_id": "accuracy-000001", "phase": "pick", "x": 13.4442, "y": 39.5844, "z": -290.0, "e": 1}
{"logged_at": 1779513893.937988, "scenario": "test_accuracy", "plan_id": "plan-000001", "object_id": "accuracy-000001", "phase": "pick", "x": 12.8119, "y": 41.9554, "z": -290.0, "e": 1}
{"logged_at": 1779513893.987066, "scenario": "test_accuracy", "plan_id": "plan-000001", "object_id": "accuracy-000001", "phase": "pick", "x": 12.1796, "y": 44.3265, "z": -290.0, "e": 1}
{"logged_at": 1779513894.036144, "scenario": "test_accuracy", "plan_id": "plan-000001", "object_id": "accuracy-000001", "phase": "pick", "x": 11.5473, "y": 46.6976, "z": -290.0, "e": 1}
{"logged_at": 1779513894.085223, "scenario": "test_accuracy", "plan_id": "plan-000001", "object_id": "accuracy-000001", "phase": "pick", "x": 10.915, "y": 49.0686, "z": -290.0, "e": 1}
{"logged_at": 1779513894.134301, "scenario": "test_accuracy", "plan_id": "plan-000001", "object_id": "accuracy-000001", "phase": "pick", "x": 10.2828, "y": 51.4397, "z": -290.0, "e": 1}
{"logged_at": 1779513894.183379, "scenario": "test_accuracy", "plan_id": "plan-000001", "object_id": "accuracy-000001", "phase": "pick", "x": 9.6505, "y": 53.8107, "z": -290.0, "e": 1}
{"logged_at": 1779513894.232457, "scenario": "test_accuracy", "plan_id": "plan-000001", "object_id": "accuracy-000001", "phase": "pick", "x": 9.0182, "y": 56.1818, "z": -290.0, "e": 1}
{"logged_at": 1779513894.281536, "scenario": "test_accuracy", "plan_id": "plan-000001", "object_id": "accuracy-000001", "phase": "pick", "x": 6.0121, "y": 67.4545, "z": -290.0, "e": 0}
{"logged_at": 1779513894.328202, "scenario": "test_accuracy", "plan_id": "plan-000001", "object_id": "accuracy-000001", "phase": "pick", "x": 3.0061, "y": 78.7273, "z": -290.0, "e": 0}
{"logged_at": 1779513894.374869, "scenario": "test_accuracy", "plan_id": "plan-000001", "object_id": "accuracy-000001", "phase": "pick", "x": 0.0, "y": 90.0, "z": -290.0, "e": 0}
{"logged_at": 1779552350.738335, "scenario": "test_accuracy", "plan_id": "plan-000001", "object_id": "accuracy-000001", "phase": "goto", "x": 0.0, "y": 0.0, "z": -290.0, "e": 0}
{"logged_at": 1779552350.778335, "scenario": "test_accuracy", "plan_id": "plan-000001", "object_id": "accuracy-000001", "phase": "goto", "x": 0.0, "y": 0.0, "z": -290.0, "e": 0}
{"logged_at": 1779552350.818335, "scenario": "test_accuracy", "plan_id": "plan-000001", "object_id": "accuracy-000001", "phase": "goto", "x": 1.3868, "y": -2.0801, "z": -290.0, "e": 0}
{"logged_at": 1779552350.868335, "scenario": "test_accuracy", "plan_id": "plan-000001", "object_id": "accuracy-000001", "phase": "goto", "x": 2.7735, "y": -4.1603, "z": -290.0, "e": 0}
{"logged_at": 1779552350.918335, "scenario": "test_accuracy", "plan_id": "plan-000001", "object_id": "accuracy-000001", "phase": "goto", "x": 4.1603, "y": -6.2404, "z": -290.0, "e": 0}
{"logged_at": 1779552350.968335, "scenario": "test_accuracy", "plan_id": "plan-000001", "object_id": "accuracy-000001", "phase": "goto", "x": 5.547, "y": -8.3205, "z": -290.0, "e": 0}
{"logged_at": 1779552351.018335, "scenario": "test_accuracy", "plan_id": "plan-000001", "object_id": "accuracy-000001", "phase": "goto", "x": 6.9338, "y": -10.4006, "z": -290.0, "e": 0}
{"logged_at": 1779552351.068335, "scenario": "test_accuracy", "plan_id": "plan-000001", "object_id": "accuracy-000001", "phase": "goto", "x": 8.3205, "y": -12.4808, "z": -290.0, "e": 0}
{"logged_at": 1779552351.118335, "scenario": "test_accuracy", "plan_id": "plan-000001", "object_id": "accuracy-000001", "phase": "goto", "x": 9.7073, "y": -14.5609, "z": -290.0, "e": 0}
{"logged_at": 1779552351.168335, "scenario": "test_accuracy", "plan_id": "plan-000001", "object_id": "accuracy-000001", "phase": "goto", "x": 11.094, "y": -16.641, "z": -290.0, "e": 0}
{"logged_at": 1779552351.218335, "scenario": "test_accuracy", "plan_id": "plan-000001", "object_id": "accuracy-000001", "phase": "goto", "x": 12.4808, "y": -18.7211, "z": -290.0, "e": 0}
{"logged_at": 1779552351.268335, "scenario": "test_accuracy", "plan_id": "plan-000001", "object_id": "accuracy-000001", "phase": "goto", "x": 13.8675, "y": -20.8013, "z": -290.0, "e": 0}
{"logged_at": 1779552351.318335, "scenario": "test_accuracy", "plan_id": "plan-000001", "object_id": "accuracy-000001", "phase": "goto", "x": 15.2543, "y": -22.8814, "z": -290.0, "e": 0}
{"logged_at": 1779552351.368335, "scenario": "test_accuracy", "plan_id": "plan-000001", "object_id": "accuracy-000001", "phase": "goto", "x": 16.641, "y": -24.9615, "z": -290.0, "e": 0}
{"logged_at": 1779552351.418335, "scenario": "test_accuracy", "plan_id": "plan-000001", "object_id": "accuracy-000001", "phase": "goto", "x": 18.0278, "y": -27.0416, "z": -290.0, "e": 0}
{"logged_at": 1779552351.468335, "scenario": "test_accuracy", "plan_id": "plan-000001", "object_id": "accuracy-000001", "phase": "goto", "x": 19.4145, "y": -29.1218, "z": -290.0, "e": 0}
{"logged_at": 1779552351.518335, "scenario": "test_accuracy", "plan_id": "plan-000001", "object_id": "accuracy-000001", "phase": "goto", "x": 20.7869, "y": -31.1803, "z": -290.0, "e": 0}
{"logged_at": 1779552351.567816, "scenario": "test_accuracy", "plan_id": "plan-000001", "object_id": "accuracy-000001", "phase": "goto", "x": 22.1592, "y": -33.2389, "z": -290.0, "e": 0}
{"logged_at": 1779552351.617297, "scenario": "test_accuracy", "plan_id": "plan-000001", "object_id": "accuracy-000001", "phase": "goto", "x": 23.5316, "y": -35.2974, "z": -290.0, "e": 0}
{"logged_at": 1779552351.666779, "scenario": "test_accuracy", "plan_id": "plan-000001", "object_id": "accuracy-000001", "phase": "goto", "x": 24.904, "y": -37.356, "z": -290.0, "e": 0}
{"logged_at": 1779552351.71626, "scenario": "test_accuracy", "plan_id": "plan-000001", "object_id": "accuracy-000001", "phase": "goto", "x": 26.2763, "y": -39.4145, "z": -290.0, "e": 0}
{"logged_at": 1779552351.765742, "scenario": "test_accuracy", "plan_id": "plan-000001", "object_id": "accuracy-000001", "phase": "goto", "x": 27.6487, "y": -41.4731, "z": -290.0, "e": 0}
{"logged_at": 1779552351.815223, "scenario": "test_accuracy", "plan_id": "plan-000001", "object_id": "accuracy-000001", "phase": "goto", "x": 29.0211, "y": -43.5316, "z": -290.0, "e": 0}
{"logged_at": 1779552351.864704, "scenario": "test_accuracy", "plan_id": "plan-000001", "object_id": "accuracy-000001", "phase": "goto", "x": 30.3934, "y": -45.5902, "z": -290.0, "e": 0}
{"logged_at": 1779552351.914186, "scenario": "test_accuracy", "plan_id": "plan-000001", "object_id": "accuracy-000001", "phase": "goto", "x": 31.7658, "y": -47.6487, "z": -290.0, "e": 0}
{"logged_at": 1779552351.963667, "scenario": "test_accuracy", "plan_id": "plan-000001", "object_id": "accuracy-000001", "phase": "goto", "x": 33.1382, "y": -49.7073, "z": -290.0, "e": 0}
{"logged_at": 1779552352.013149, "scenario": "test_accuracy", "plan_id": "plan-000001", "object_id": "accuracy-000001", "phase": "goto", "x": 34.5105, "y": -51.7658, "z": -290.0, "e": 0}
{"logged_at": 1779552352.06263, "scenario": "test_accuracy", "plan_id": "plan-000001", "object_id": "accuracy-000001", "phase": "goto", "x": 35.8829, "y": -53.8244, "z": -290.0, "e": 0}
{"logged_at": 1779552352.112111, "scenario": "test_accuracy", "plan_id": "plan-000001", "object_id": "accuracy-000001", "phase": "goto", "x": 37.2553, "y": -55.8829, "z": -290.0, "e": 0}
{"logged_at": 1779552352.161593, "scenario": "test_accuracy", "plan_id": "plan-000001", "object_id": "accuracy-000001", "phase": "goto", "x": 38.6276, "y": -57.9415, "z": -290.0, "e": 0}
{"logged_at": 1779552352.211074, "scenario": "test_accuracy", "plan_id": "plan-000001", "object_id": "accuracy-000001", "phase": "goto", "x": 40.0, "y": -60.0, "z": -290.0, "e": 0}
{"logged_at": 1779552352.260556, "scenario": "test_accuracy", "plan_id": "plan-000001", "object_id": "accuracy-000001", "phase": "goto", "x": 40.0, "y": -60.0, "z": -292.5, "e": 0}
{"logged_at": 1779552352.310555, "scenario": "test_accuracy", "plan_id": "plan-000001", "object_id": "accuracy-000001", "phase": "goto", "x": 40.0, "y": -60.0, "z": -295.0, "e": 0}
{"logged_at": 1779552352.360555, "scenario": "test_accuracy", "plan_id": "plan-000001", "object_id": "accuracy-000001", "phase": "goto", "x": 40.0, "y": -60.0, "z": -297.5, "e": 0}
{"logged_at": 1779552352.410555, "scenario": "test_accuracy", "plan_id": "plan-000001", "object_id": "accuracy-000001", "phase": "goto", "x": 40.0, "y": -60.0, "z": -300.0, "e": 0}
{"logged_at": 1779552352.460555, "scenario": "test_accuracy", "plan_id": "plan-000001", "object_id": "accuracy-000001", "phase": "pick", "x": 40.0, "y": -60.0, "z": -310.0, "e": 1}
{"logged_at": 1779552352.510555, "scenario": "test_accuracy", "plan_id": "plan-000001", "object_id": "accuracy-000001", "phase": "pick", "x": 40.0, "y": -60.0, "z": -307.5, "e": 1}
{"logged_at": 1779552352.560555, "scenario": "test_accuracy", "plan_id": "plan-000001", "object_id": "accuracy-000001", "phase": "pick", "x": 40.0, "y": -60.0, "z": -305.0, "e": 1}
{"logged_at": 1779552352.610555, "scenario": "test_accuracy", "plan_id": "plan-000001", "object_id": "accuracy-000001", "phase": "pick", "x": 40.0, "y": -60.0, "z": -302.5, "e": 1}
{"logged_at": 1779552352.660555, "scenario": "test_accuracy", "plan_id": "plan-000001", "object_id": "accuracy-000001", "phase": "pick", "x": 40.0, "y": -60.0, "z": -300.0, "e": 1}
{"logged_at": 1779552352.710555, "scenario": "test_accuracy", "plan_id": "plan-000001", "object_id": "accuracy-000001", "phase": "pick", "x": 40.0, "y": -60.0, "z": -297.5, "e": 1}
{"logged_at": 1779552352.760555, "scenario": "test_accuracy", "plan_id": "plan-000001", "object_id": "accuracy-000001", "phase": "pick", "x": 40.0, "y": -60.0, "z": -295.0, "e": 1}
{"logged_at": 1779552352.810555, "scenario": "test_accuracy", "plan_id": "plan-000001", "object_id": "accuracy-000001", "phase": "pick", "x": 40.0, "y": -60.0, "z": -292.5, "e": 1}
{"logged_at": 1779552352.860555, "scenario": "test_accuracy", "plan_id": "plan-000001", "object_id": "accuracy-000001", "phase": "pick", "x": 40.0, "y": -60.0, "z": -290.0, "e": 1}
{"logged_at": 1779552352.910555, "scenario": "test_accuracy", "plan_id": "plan-000001", "object_id": "accuracy-000001", "phase": "pick", "x": 39.3677, "y": -57.6289, "z": -290.0, "e": 1}
{"logged_at": 1779552352.959633, "scenario": "test_accuracy", "plan_id": "plan-000001", "object_id": "accuracy-000001", "phase": "pick", "x": 38.7354, "y": -55.2579, "z": -290.0, "e": 1}
{"logged_at": 1779552353.008711, "scenario": "test_accuracy", "plan_id": "plan-000001", "object_id": "accuracy-000001", "phase": "pick", "x": 38.1032, "y": -52.8868, "z": -290.0, "e": 1}
{"logged_at": 1779552353.05779, "scenario": "test_accuracy", "plan_id": "plan-000001", "object_id": "accuracy-000001", "phase": "pick", "x": 37.4709, "y": -50.5158, "z": -290.0, "e": 1}
{"logged_at": 1779552353.106868, "scenario": "test_accuracy", "plan_id": "plan-000001", "object_id": "accuracy-000001", "phase": "pick", "x": 36.8386, "y": -48.1447, "z": -290.0, "e": 1}
{"logged_at": 1779552353.155946, "scenario": "test_accuracy", "plan_id": "plan-000001", "object_id": "accuracy-000001", "phase": "pick", "x": 36.2063, "y": -45.7737, "z": -290.0, "e": 1}
{"logged_at": 1779552353.205024, "scenario": "test_accuracy", "plan_id": "plan-000001", "object_id": "accuracy-000001", "phase": "pick", "x": 35.574, "y": -43.4026, "z": -290.0, "e": 1}
{"logged_at": 1779552353.254102, "scenario": "test_accuracy", "plan_id": "plan-000001", "object_id": "accuracy-000001", "phase": "pick", "x": 34.9417, "y": -41.0315, "z": -290.0, "e": 1}
{"logged_at": 1779552353.303181, "scenario": "test_accuracy", "plan_id": "plan-000001", "object_id": "accuracy-000001", "phase": "pick", "x": 34.3095, "y": -38.6605, "z": -290.0, "e": 1}
{"logged_at": 1779552353.352259, "scenario": "test_accuracy", "plan_id": "plan-000001", "object_id": "accuracy-000001", "phase": "pick", "x": 33.6772, "y": -36.2894, "z": -290.0, "e": 1}
{"logged_at": 1779552353.401337, "scenario": "test_accuracy", "plan_id": "plan-000001", "object_id": "accuracy-000001", "phase": "pick", "x": 33.0449, "y": -33.9184, "z": -290.0, "e": 1}
{"logged_at": 1779552353.450415, "scenario": "test_accuracy", "plan_id": "plan-000001", "object_id": "accuracy-000001", "phase": "pick", "x": 32.4126, "y": -31.5473, "z": -290.0, "e": 1}
{"logged_at": 1779552353.499494, "scenario": "test_accuracy", "plan_id": "plan-000001", "object_id": "accuracy-000001", "phase": "pick", "x": 31.7803, "y": -29.1763, "z": -290.0, "e": 1}
{"logged_at": 1779552353.548572, "scenario": "test_accuracy", "plan_id": "plan-000001", "object_id": "accuracy-000001", "phase": "pick", "x": 31.1481, "y": -26.8052, "z": -290.0, "e": 1}
{"logged_at": 1779552353.59765, "scenario": "test_accuracy", "plan_id": "plan-000001", "object_id": "accuracy-000001", "phase": "pick", "x": 30.5158, "y": -24.4341, "z": -290.0, "e": 1}
{"logged_at": 1779552353.646728, "scenario": "test_accuracy", "plan_id": "plan-000001", "object_id": "accuracy-000001", "phase": "pick", "x": 29.8835, "y": -22.0631, "z": -290.0, "e": 1}
{"logged_at": 1779552353.695807, "scenario": "test_accuracy", "plan_id": "plan-000001", "object_id": "accuracy-000001", "phase": "pick", "x": 29.2512, "y": -19.692, "z": -290.0, "e": 1}
{"logged_at": 1779552353.744885, "scenario": "test_accuracy", "plan_id": "plan-000001", "object_id": "accuracy-000001", "phase": "pick", "x": 28.6189, "y": -17.321, "z": -290.0, "e": 1}
{"logged_at": 1779552353.793963, "scenario": "test_accuracy", "plan_id": "plan-000001", "object_id": "accuracy-000001", "phase": "pick", "x": 27.9866, "y": -14.9499, "z": -290.0, "e": 1}
{"logged_at": 1779552353.843041, "scenario": "test_accuracy", "plan_id": "plan-000001", "object_id": "accuracy-000001", "phase": "pick", "x": 27.3544, "y": -12.5789, "z": -290.0, "e": 1}
{"logged_at": 1779552353.892119, "scenario": "test_accuracy", "plan_id": "plan-000001", "object_id": "accuracy-000001", "phase": "pick", "x": 26.7221, "y": -10.2078, "z": -290.0, "e": 1}
{"logged_at": 1779552353.941198, "scenario": "test_accuracy", "plan_id": "plan-000001", "object_id": "accuracy-000001", "phase": "pick", "x": 26.0898, "y": -7.8368, "z": -290.0, "e": 1}
{"logged_at": 1779552353.990276, "scenario": "test_accuracy", "plan_id": "plan-000001", "object_id": "accuracy-000001", "phase": "pick", "x": 25.4575, "y": -5.4657, "z": -290.0, "e": 1}
{"logged_at": 1779552354.039354, "scenario": "test_accuracy", "plan_id": "plan-000001", "object_id": "accuracy-000001", "phase": "pick", "x": 24.8252, "y": -3.0946, "z": -290.0, "e": 1}
{"logged_at": 1779552354.088432, "scenario": "test_accuracy", "plan_id": "plan-000001", "object_id": "accuracy-000001", "phase": "pick", "x": 24.193, "y": -0.7236, "z": -290.0, "e": 1}
{"logged_at": 1779552354.137511, "scenario": "test_accuracy", "plan_id": "plan-000001", "object_id": "accuracy-000001", "phase": "pick", "x": 23.5607, "y": 1.6475, "z": -290.0, "e": 1}
{"logged_at": 1779552354.186589, "scenario": "test_accuracy", "plan_id": "plan-000001", "object_id": "accuracy-000001", "phase": "pick", "x": 22.9284, "y": 4.0185, "z": -290.0, "e": 1}
{"logged_at": 1779552354.235667, "scenario": "test_accuracy", "plan_id": "plan-000001", "object_id": "accuracy-000001", "phase": "pick", "x": 22.2961, "y": 6.3896, "z": -290.0, "e": 1}
{"logged_at": 1779552354.284745, "scenario": "test_accuracy", "plan_id": "plan-000001", "object_id": "accuracy-000001", "phase": "pick", "x": 21.6638, "y": 8.7606, "z": -290.0, "e": 1}
{"logged_at": 1779552354.333823, "scenario": "test_accuracy", "plan_id": "plan-000001", "object_id": "accuracy-000001", "phase": "pick", "x": 21.0315, "y": 11.1317, "z": -290.0, "e": 1}
{"logged_at": 1779552354.382902, "scenario": "test_accuracy", "plan_id": "plan-000001", "object_id": "accuracy-000001", "phase": "pick", "x": 20.3993, "y": 13.5028, "z": -290.0, "e": 1}
{"logged_at": 1779552354.43198, "scenario": "test_accuracy", "plan_id": "plan-000001", "object_id": "accuracy-000001", "phase": "pick", "x": 19.767, "y": 15.8738, "z": -290.0, "e": 1}
{"logged_at": 1779552354.481058, "scenario": "test_accuracy", "plan_id": "plan-000001", "object_id": "accuracy-000001", "phase": "pick", "x": 19.1347, "y": 18.2449, "z": -290.0, "e": 1}
{"logged_at": 1779552354.530136, "scenario": "test_accuracy", "plan_id": "plan-000001", "object_id": "accuracy-000001", "phase": "pick", "x": 18.5024, "y": 20.6159, "z": -290.0, "e": 1}
{"logged_at": 1779552354.579215, "scenario": "test_accuracy", "plan_id": "plan-000001", "object_id": "accuracy-000001", "phase": "pick", "x": 17.8701, "y": 22.987, "z": -290.0, "e": 1}
{"logged_at": 1779552354.628293, "scenario": "test_accuracy", "plan_id": "plan-000001", "object_id": "accuracy-000001", "phase": "pick", "x": 17.2379, "y": 25.358, "z": -290.0, "e": 1}
{"logged_at": 1779552354.677371, "scenario": "test_accuracy", "plan_id": "plan-000001", "object_id": "accuracy-000001", "phase": "pick", "x": 16.6056, "y": 27.7291, "z": -290.0, "e": 1}
{"logged_at": 1779552354.726449, "scenario": "test_accuracy", "plan_id": "plan-000001", "object_id": "accuracy-000001", "phase": "pick", "x": 15.9733, "y": 30.1002, "z": -290.0, "e": 1}
{"logged_at": 1779552354.775527, "scenario": "test_accuracy", "plan_id": "plan-000001", "object_id": "accuracy-000001", "phase": "pick", "x": 15.341, "y": 32.4712, "z": -290.0, "e": 1}
{"logged_at": 1779552354.824606, "scenario": "test_accuracy", "plan_id": "plan-000001", "object_id": "accuracy-000001", "phase": "pick", "x": 14.7087, "y": 34.8423, "z": -290.0, "e": 1}
{"logged_at": 1779552354.873684, "scenario": "test_accuracy", "plan_id": "plan-000001", "object_id": "accuracy-000001", "phase": "pick", "x": 14.0764, "y": 37.2133, "z": -290.0, "e": 1}
{"logged_at": 1779552354.922762, "scenario": "test_accuracy", "plan_id": "plan-000001", "object_id": "accuracy-000001", "phase": "pick", "x": 13.4442, "y": 39.5844, "z": -290.0, "e": 1}
{"logged_at": 1779552354.97184, "scenario": "test_accuracy", "plan_id": "plan-000001", "object_id": "accuracy-000001", "phase": "pick", "x": 12.8119, "y": 41.9554, "z": -290.0, "e": 1}
{"logged_at": 1779552355.020919, "scenario": "test_accuracy", "plan_id": "plan-000001", "object_id": "accuracy-000001", "phase": "pick", "x": 12.1796, "y": 44.3265, "z": -290.0, "e": 1}
{"logged_at": 1779552355.069997, "scenario": "test_accuracy", "plan_id": "plan-000001", "object_id": "accuracy-000001", "phase": "pick", "x": 11.5473, "y": 46.6976, "z": -290.0, "e": 1}
{"logged_at": 1779552355.119075, "scenario": "test_accuracy", "plan_id": "plan-000001", "object_id": "accuracy-000001", "phase": "pick", "x": 10.915, "y": 49.0686, "z": -290.0, "e": 1}
{"logged_at": 1779552355.168153, "scenario": "test_accuracy", "plan_id": "plan-000001", "object_id": "accuracy-000001", "phase": "pick", "x": 10.2828, "y": 51.4397, "z": -290.0, "e": 1}
{"logged_at": 1779552355.217232, "scenario": "test_accuracy", "plan_id": "plan-000001", "object_id": "accuracy-000001", "phase": "pick", "x": 9.6505, "y": 53.8107, "z": -290.0, "e": 1}
{"logged_at": 1779552355.26631, "scenario": "test_accuracy", "plan_id": "plan-000001", "object_id": "accuracy-000001", "phase": "pick", "x": 9.0182, "y": 56.1818, "z": -290.0, "e": 1}
{"logged_at": 1779552355.315388, "scenario": "test_accuracy", "plan_id": "plan-000001", "object_id": "accuracy-000001", "phase": "pick", "x": 6.0121, "y": 67.4545, "z": -290.0, "e": 0}
{"logged_at": 1779552355.362055, "scenario": "test_accuracy", "plan_id": "plan-000001", "object_id": "accuracy-000001", "phase": "pick", "x": 3.0061, "y": 78.7273, "z": -290.0, "e": 0}
{"logged_at": 1779552355.408721, "scenario": "test_accuracy", "plan_id": "plan-000001", "object_id": "accuracy-000001", "phase": "pick", "x": 0.0, "y": 90.0, "z": -290.0, "e": 0}
